<?xml version="1.0" encoding="UTF-8"?>
<!-- Generated by org.testng.reporters.JUnitReportReporter -->
<testsuite hostname="DESKTOP-3IHO2RA" failures="0" tests="8" name="testpkg.Turtletest" time="49.926" errors="0" timestamp="2024-05-31T19:56:06 IST" skipped="0">
  <testcase classname="testpkg.Turtletest" name="popuptest" time="7.336"/>
  <testcase classname="testpkg.Turtletest" name="logintest" time="20.738"/>
  <testcase classname="testpkg.Turtletest" name="logonmenu" time="0.081"/>
  <testcase classname="testpkg.Turtletest" name="linksandmenus" time="1.172"/>
  <testcase classname="testpkg.Turtletest" name="dropnTitle" time="3.590"/>
  <testcase classname="testpkg.Turtletest" name="shirts" time="5.434"/>
  <testcase classname="testpkg.Turtletest" name="denims" time="9.108"/>
  <testcase classname="testpkg.Turtletest" name="screenshots" time="2.467"/>
</testsuite> <!-- testpkg.Turtletest -->
